# JRE version: Java(TM) SE Runtime Environment (8.0_281-b09) (build 1.8.0_281-b09)
# Java VM: Java HotSpot(TM) 64-Bit Server VM (25.281-b09 mixed mode windows-amd64 compressed oops)
Heap:
 PSYoungGen      total 103424K, used 77603K [0x00000000f6f00000, 0x0000000100000000, 0x0000000100000000)
  eden space 63488K, 74% used [0x00000000f6f00000,0x00000000f9d7d810,0x00000000fad00000)
  from space 39936K, 75% used [0x00000000fd900000,0x00000000ff64b4c8,0x0000000100000000)
  to   space 42496K, 0% used [0x00000000fad00000,0x00000000fad00000,0x00000000fd680000)
 ParOldGen       total 148480K, used 48595K [0x00000000e4c00000, 0x00000000edd00000, 0x00000000f6f00000)
  object space 148480K, 32% used [0x00000000e4c00000,0x00000000e7b74fb8,0x00000000edd00000)
 Metaspace       used 37843K, capacity 39210K, committed 39552K, reserved 1083392K
  class space    used 5173K, capacity 5419K, committed 5504K, reserved 1048576K
GC Heap History (10 events):
Event: 2.154 GC heap before
{Heap before GC invocations=6 (full 1):
 PSYoungGen      total 49152K, used 47834K [0x00000000f6f00000, 0x00000000fa500000, 0x0000000100000000)
  eden space 44032K, 97% used [0x00000000f6f00000,0x00000000f98b8850,0x00000000f9a00000)
  from space 5120K, 99% used [0x00000000fa000000,0x00000000fa4fe1f0,0x00000000fa500000)
  to   space 5120K, 0% used [0x00000000f9b00000,0x00000000f9b00000,0x00000000fa000000)
 ParOldGen       total 56320K, used 10587K [0x00000000e4c00000, 0x00000000e8300000, 0x00000000f6f00000)
  object space 56320K, 18% used [0x00000000e4c00000,0x00000000e5656d80,0x00000000e8300000)
 Metaspace       used 31303K, capacity 32180K, committed 32384K, reserved 1077248K
  class space    used 4253K, capacity 4394K, committed 4480K, reserved 1048576K
Event: 2.167 GC heap after
Heap after GC invocations=6 (full 1):
 PSYoungGen      total 50176K, used 5099K [0x00000000f6f00000, 0x00000000ff480000, 0x0000000100000000)
  eden space 45056K, 0% used [0x00000000f6f00000,0x00000000f6f00000,0x00000000f9b00000)
  from space 5120K, 99% used [0x00000000f9b00000,0x00000000f9ffaee8,0x00000000fa000000)
  to   space 32256K, 0% used [0x00000000fd500000,0x00000000fd500000,0x00000000ff480000)
 ParOldGen       total 56320K, used 47697K [0x00000000e4c00000, 0x00000000e8300000, 0x00000000f6f00000)
  object space 56320K, 84% used [0x00000000e4c00000,0x00000000e7a94618,0x00000000e8300000)
 Metaspace       used 31303K, capacity 32180K, committed 32384K, reserved 1077248K
  class space    used 4253K, capacity 4394K, committed 4480K, reserved 1048576K
}
Event: 2.167 GC heap before
{Heap before GC invocations=7 (full 2):
 PSYoungGen      total 50176K, used 5099K [0x00000000f6f00000, 0x00000000ff480000, 0x0000000100000000)
  eden space 45056K, 0% used [0x00000000f6f00000,0x00000000f6f00000,0x00000000f9b00000)
  from space 5120K, 99% used [0x00000000f9b00000,0x00000000f9ffaee8,0x00000000fa000000)
  to   space 32256K, 0% used [0x00000000fd500000,0x00000000fd500000,0x00000000ff480000)
 ParOldGen       total 56320K, used 47697K [0x00000000e4c00000, 0x00000000e8300000, 0x00000000f6f00000)
  object space 56320K, 84% used [0x00000000e4c00000,0x00000000e7a94618,0x00000000e8300000)
 Metaspace       used 31303K, capacity 32180K, committed 32384K, reserved 1077248K
  class space    used 4253K, capacity 4394K, committed 4480K, reserved 1048576K
Event: 2.218 GC heap after
Heap after GC invocations=7 (full 2):
 PSYoungGen      total 50176K, used 0K [0x00000000f6f00000, 0x00000000ff480000, 0x0000000100000000)
  eden space 45056K, 0% used [0x00000000f6f00000,0x00000000f6f00000,0x00000000f9b00000)
  from space 5120K, 0% used [0x00000000f9b00000,0x00000000f9b00000,0x00000000fa000000)
  to   space 32256K, 0% used [0x00000000fd500000,0x00000000fd500000,0x00000000ff480000)
 ParOldGen       total 148480K, used 48571K [0x00000000e4c00000, 0x00000000edd00000, 0x00000000f6f00000)
  object space 148480K, 32% used [0x00000000e4c00000,0x00000000e7b6efb8,0x00000000edd00000)
 Metaspace       used 31303K, capacity 32180K, committed 32384K, reserved 1077248K
  class space    used 4253K, capacity 4394K, committed 4480K, reserved 1048576K
}
Event: 2.642 GC heap before
{Heap before GC invocations=8 (full 2):
 PSYoungGen      total 50176K, used 45056K [0x00000000f6f00000, 0x00000000ff480000, 0x0000000100000000)
  eden space 45056K, 100% used [0x00000000f6f00000,0x00000000f9b00000,0x00000000f9b00000)
  from space 5120K, 0% used [0x00000000f9b00000,0x00000000f9b00000,0x00000000fa000000)
  to   space 32256K, 0% used [0x00000000fd500000,0x00000000fd500000,0x00000000ff480000)
 ParOldGen       total 148480K, used 48571K [0x00000000e4c00000, 0x00000000edd00000, 0x00000000f6f00000)
  object space 148480K, 32% used [0x00000000e4c00000,0x00000000e7b6efb8,0x00000000edd00000)
 Metaspace       used 34098K, capacity 35228K, committed 35456K, reserved 1079296K
  class space    used 4760K, capacity 4948K, committed 4992K, reserved 1048576K
Event: 2.651 GC heap after
Heap after GC invocations=8 (full 2):
 PSYoungGen      total 98304K, used 24628K [0x00000000f6f00000, 0x00000000ff480000, 0x0000000100000000)
  eden space 66048K, 0% used [0x00000000f6f00000,0x00000000f6f00000,0x00000000faf80000)
  from space 32256K, 76% used [0x00000000fd500000,0x00000000fed0d370,0x00000000ff480000)
  to   space 35328K, 0% used [0x00000000faf80000,0x00000000faf80000,0x00000000fd200000)
 ParOldGen       total 148480K, used 48579K [0x00000000e4c00000, 0x00000000edd00000, 0x00000000f6f00000)
  object space 148480K, 32% used [0x00000000e4c00000,0x00000000e7b70fb8,0x00000000edd00000)
 Metaspace       used 34098K, capacity 35228K, committed 35456K, reserved 1079296K
  class space    used 4760K, capacity 4948K, committed 4992K, reserved 1048576K
}
Event: 6.115 GC heap before
{Heap before GC invocations=9 (full 2):
 PSYoungGen      total 98304K, used 90676K [0x00000000f6f00000, 0x00000000ff480000, 0x0000000100000000)
  eden space 66048K, 100% used [0x00000000f6f00000,0x00000000faf80000,0x00000000faf80000)
  from space 32256K, 76% used [0x00000000fd500000,0x00000000fed0d370,0x00000000ff480000)
  to   space 35328K, 0% used [0x00000000faf80000,0x00000000faf80000,0x00000000fd200000)
 ParOldGen       total 148480K, used 48579K [0x00000000e4c00000, 0x00000000edd00000, 0x00000000f6f00000)
  object space 148480K, 32% used [0x00000000e4c00000,0x00000000e7b70fb8,0x00000000edd00000)
 Metaspace       used 37054K, capacity 38352K, committed 38656K, reserved 1083392K
  class space    used 5141K, capacity 5350K, committed 5376K, reserved 1048576K
Event: 6.124 GC heap after
Heap after GC invocations=9 (full 2):
 PSYoungGen      total 101376K, used 29788K [0x00000000f6f00000, 0x0000000100000000, 0x0000000100000000)
  eden space 66048K, 0% used [0x00000000f6f00000,0x00000000f6f00000,0x00000000faf80000)
  from space 35328K, 84% used [0x00000000faf80000,0x00000000fcc97368,0x00000000fd200000)
  to   space 39936K, 0% used [0x00000000fd900000,0x00000000fd900000,0x0000000100000000)
 ParOldGen       total 148480K, used 48587K [0x00000000e4c00000, 0x00000000edd00000, 0x00000000f6f00000)
  object space 148480K, 32% used [0x00000000e4c00000,0x00000000e7b72fb8,0x00000000edd00000)
 Metaspace       used 37054K, capacity 38352K, committed 38656K, reserved 1083392K
  class space    used 5141K, capacity 5350K, committed 5376K, reserved 1048576K
}
Event: 901.590 GC heap before
{Heap before GC invocations=10 (full 2):
 PSYoungGen      total 101376K, used 95836K [0x00000000f6f00000, 0x0000000100000000, 0x0000000100000000)
  eden space 66048K, 100% used [0x00000000f6f00000,0x00000000faf80000,0x00000000faf80000)
  from space 35328K, 84% used [0x00000000faf80000,0x00000000fcc97368,0x00000000fd200000)
  to   space 39936K, 0% used [0x00000000fd900000,0x00000000fd900000,0x0000000100000000)
 ParOldGen       total 148480K, used 48587K [0x00000000e4c00000, 0x00000000edd00000, 0x00000000f6f00000)
  object space 148480K, 32% used [0x00000000e4c00000,0x00000000e7b72fb8,0x00000000edd00000)
 Metaspace       used 37792K, capacity 39132K, committed 39296K, reserved 1083392K
  class space    used 5170K, capacity 5416K, committed 5504K, reserved 1048576K
Event: 901.633 GC heap after
Heap after GC invocations=10 (full 2):
 PSYoungGen      total 103424K, used 29997K [0x00000000f6f00000, 0x0000000100000000, 0x0000000100000000)
  eden space 63488K, 0% used [0x00000000f6f00000,0x00000000f6f00000,0x00000000fad00000)
  from space 39936K, 75% used [0x00000000fd900000,0x00000000ff64b4c8,0x0000000100000000)
  to   space 42496K, 0% used [0x00000000fad00000,0x00000000fad00000,0x00000000fd680000)
 ParOldGen       total 148480K, used 48595K [0x00000000e4c00000, 0x00000000edd00000, 0x00000000f6f00000)
  object space 148480K, 32% used [0x00000000e4c00000,0x00000000e7b74fb8,0x00000000edd00000)
 Metaspace       used 37792K, capacity 39132K, committed 39296K, reserved 1083392K
  class space    used 5170K, capacity 5416K, committed 5504K, reserved 1048576K
}

