# JRE version: Java(TM) SE Runtime Environment (8.0_281-b09) (build 1.8.0_281-b09)
# Java VM: Java HotSpot(TM) 64-Bit Server VM (25.281-b09 mixed mode windows-amd64 compressed oops)
Heap:
 PSYoungGen      total 103424K, used 57422K [0x00000000e7500000, 0x00000000efc80000, 0x0000000100000000)
  eden space 68096K, 40% used [0x00000000e7500000,0x00000000e8fe4b48,0x00000000eb780000)
  from space 35328K, 84% used [0x00000000eb780000,0x00000000ed4aecd8,0x00000000eda00000)
  to   space 24576K, 0% used [0x00000000ee480000,0x00000000ee480000,0x00000000efc80000)
 ParOldGen       total 149504K, used 50942K [0x00000000b5e00000, 0x00000000bf000000, 0x00000000e7500000)
  object space 149504K, 34% used [0x00000000b5e00000,0x00000000b8fbf818,0x00000000bf000000)
 Metaspace       used 37240K, capacity 38584K, committed 38784K, reserved 1083392K
  class space    used 5160K, capacity 5382K, committed 5504K, reserved 1048576K
GC Heap History (10 events):
Event: 1.930 GC heap before
{Heap before GC invocations=5 (full 1):
 PSYoungGen      total 35840K, used 35830K [0x00000000e7500000, 0x00000000ead00000, 0x0000000100000000)
  eden space 30720K, 100% used [0x00000000e7500000,0x00000000e9300000,0x00000000e9300000)
  from space 5120K, 99% used [0x00000000e9300000,0x00000000e97fdb30,0x00000000e9800000)
  to   space 5120K, 0% used [0x00000000ea800000,0x00000000ea800000,0x00000000ead00000)
 ParOldGen       total 54784K, used 7791K [0x00000000b5e00000, 0x00000000b9380000, 0x00000000e7500000)
  object space 54784K, 14% used [0x00000000b5e00000,0x00000000b659beb0,0x00000000b9380000)
 Metaspace       used 30940K, capacity 31784K, committed 32128K, reserved 1077248K
  class space    used 4219K, capacity 4390K, committed 4480K, reserved 1048576K
Event: 1.937 GC heap after
Heap after GC invocations=5 (full 1):
 PSYoungGen      total 52224K, used 5101K [0x00000000e7500000, 0x00000000ead00000, 0x0000000100000000)
  eden space 47104K, 0% used [0x00000000e7500000,0x00000000e7500000,0x00000000ea300000)
  from space 5120K, 99% used [0x00000000ea800000,0x00000000eacfb5f0,0x00000000ead00000)
  to   space 5120K, 0% used [0x00000000ea300000,0x00000000ea300000,0x00000000ea800000)
 ParOldGen       total 54784K, used 10986K [0x00000000b5e00000, 0x00000000b9380000, 0x00000000e7500000)
  object space 54784K, 20% used [0x00000000b5e00000,0x00000000b68baba0,0x00000000b9380000)
 Metaspace       used 30940K, capacity 31784K, committed 32128K, reserved 1077248K
  class space    used 4219K, capacity 4390K, committed 4480K, reserved 1048576K
}
Event: 2.068 GC heap before
{Heap before GC invocations=6 (full 1):
 PSYoungGen      total 52224K, used 50460K [0x00000000e7500000, 0x00000000ead00000, 0x0000000100000000)
  eden space 47104K, 96% used [0x00000000e7500000,0x00000000ea14bb50,0x00000000ea300000)
  from space 5120K, 99% used [0x00000000ea800000,0x00000000eacfb5f0,0x00000000ead00000)
  to   space 5120K, 0% used [0x00000000ea300000,0x00000000ea300000,0x00000000ea800000)
 ParOldGen       total 54784K, used 10986K [0x00000000b5e00000, 0x00000000b9380000, 0x00000000e7500000)
  object space 54784K, 20% used [0x00000000b5e00000,0x00000000b68baba0,0x00000000b9380000)
 Metaspace       used 31260K, capacity 32136K, committed 32384K, reserved 1077248K
  class space    used 4248K, capacity 4422K, committed 4480K, reserved 1048576K
Event: 2.082 GC heap after
Heap after GC invocations=6 (full 1):
 PSYoungGen      total 52224K, used 5109K [0x00000000e7500000, 0x00000000f0580000, 0x0000000100000000)
  eden space 47104K, 0% used [0x00000000e7500000,0x00000000e7500000,0x00000000ea300000)
  from space 5120K, 99% used [0x00000000ea300000,0x00000000ea7fd688,0x00000000ea800000)
  to   space 33792K, 0% used [0x00000000ee480000,0x00000000ee480000,0x00000000f0580000)
 ParOldGen       total 54784K, used 50428K [0x00000000b5e00000, 0x00000000b9380000, 0x00000000e7500000)
  object space 54784K, 92% used [0x00000000b5e00000,0x00000000b8f3f078,0x00000000b9380000)
 Metaspace       used 31260K, capacity 32136K, committed 32384K, reserved 1077248K
  class space    used 4248K, capacity 4422K, committed 4480K, reserved 1048576K
}
Event: 2.082 GC heap before
{Heap before GC invocations=7 (full 2):
 PSYoungGen      total 52224K, used 5109K [0x00000000e7500000, 0x00000000f0580000, 0x0000000100000000)
  eden space 47104K, 0% used [0x00000000e7500000,0x00000000e7500000,0x00000000ea300000)
  from space 5120K, 99% used [0x00000000ea300000,0x00000000ea7fd688,0x00000000ea800000)
  to   space 33792K, 0% used [0x00000000ee480000,0x00000000ee480000,0x00000000f0580000)
 ParOldGen       total 54784K, used 50428K [0x00000000b5e00000, 0x00000000b9380000, 0x00000000e7500000)
  object space 54784K, 92% used [0x00000000b5e00000,0x00000000b8f3f078,0x00000000b9380000)
 Metaspace       used 31260K, capacity 32136K, committed 32384K, reserved 1077248K
  class space    used 4248K, capacity 4422K, committed 4480K, reserved 1048576K
Event: 2.137 GC heap after
Heap after GC invocations=7 (full 2):
 PSYoungGen      total 52224K, used 0K [0x00000000e7500000, 0x00000000f0580000, 0x0000000100000000)
  eden space 47104K, 0% used [0x00000000e7500000,0x00000000e7500000,0x00000000ea300000)
  from space 5120K, 0% used [0x00000000ea300000,0x00000000ea300000,0x00000000ea800000)
  to   space 33792K, 0% used [0x00000000ee480000,0x00000000ee480000,0x00000000f0580000)
 ParOldGen       total 149504K, used 50926K [0x00000000b5e00000, 0x00000000bf000000, 0x00000000e7500000)
  object space 149504K, 34% used [0x00000000b5e00000,0x00000000b8fbb818,0x00000000bf000000)
 Metaspace       used 31260K, capacity 32136K, committed 32384K, reserved 1077248K
  class space    used 4248K, capacity 4422K, committed 4480K, reserved 1048576K
}
Event: 2.551 GC heap before
{Heap before GC invocations=8 (full 2):
 PSYoungGen      total 52224K, used 47104K [0x00000000e7500000, 0x00000000f0580000, 0x0000000100000000)
  eden space 47104K, 100% used [0x00000000e7500000,0x00000000ea300000,0x00000000ea300000)
  from space 5120K, 0% used [0x00000000ea300000,0x00000000ea300000,0x00000000ea800000)
  to   space 33792K, 0% used [0x00000000ee480000,0x00000000ee480000,0x00000000f0580000)
 ParOldGen       total 149504K, used 50926K [0x00000000b5e00000, 0x00000000bf000000, 0x00000000e7500000)
  object space 149504K, 34% used [0x00000000b5e00000,0x00000000b8fbb818,0x00000000bf000000)
 Metaspace       used 34049K, capacity 35152K, committed 35200K, reserved 1079296K
  class space    used 4756K, capacity 4944K, committed 4992K, reserved 1048576K
Event: 2.560 GC heap after
Heap after GC invocations=8 (full 2):
 PSYoungGen      total 92672K, used 22405K [0x00000000e7500000, 0x00000000efc80000, 0x0000000100000000)
  eden space 68096K, 0% used [0x00000000e7500000,0x00000000e7500000,0x00000000eb780000)
  from space 24576K, 91% used [0x00000000ee480000,0x00000000efa61750,0x00000000efc80000)
  to   space 35328K, 0% used [0x00000000eb780000,0x00000000eb780000,0x00000000eda00000)
 ParOldGen       total 149504K, used 50934K [0x00000000b5e00000, 0x00000000bf000000, 0x00000000e7500000)
  object space 149504K, 34% used [0x00000000b5e00000,0x00000000b8fbd818,0x00000000bf000000)
 Metaspace       used 34049K, capacity 35152K, committed 35200K, reserved 1079296K
  class space    used 4756K, capacity 4944K, committed 4992K, reserved 1048576K
}
Event: 90.682 GC heap before
{Heap before GC invocations=9 (full 2):
 PSYoungGen      total 92672K, used 89975K [0x00000000e7500000, 0x00000000efc80000, 0x0000000100000000)
  eden space 68096K, 99% used [0x00000000e7500000,0x00000000eb6fc670,0x00000000eb780000)
  from space 24576K, 91% used [0x00000000ee480000,0x00000000efa61750,0x00000000efc80000)
  to   space 35328K, 0% used [0x00000000eb780000,0x00000000eb780000,0x00000000eda00000)
 ParOldGen       total 149504K, used 50934K [0x00000000b5e00000, 0x00000000bf000000, 0x00000000e7500000)
  object space 149504K, 34% used [0x00000000b5e00000,0x00000000b8fbd818,0x00000000bf000000)
 Metaspace       used 37165K, capacity 38450K, committed 38784K, reserved 1083392K
  class space    used 5157K, capacity 5381K, committed 5504K, reserved 1048576K
Event: 90.700 GC heap after
Heap after GC invocations=9 (full 2):
 PSYoungGen      total 103424K, used 29883K [0x00000000e7500000, 0x00000000efc80000, 0x0000000100000000)
  eden space 68096K, 0% used [0x00000000e7500000,0x00000000e7500000,0x00000000eb780000)
  from space 35328K, 84% used [0x00000000eb780000,0x00000000ed4aecd8,0x00000000eda00000)
  to   space 24576K, 0% used [0x00000000ee480000,0x00000000ee480000,0x00000000efc80000)
 ParOldGen       total 149504K, used 50942K [0x00000000b5e00000, 0x00000000bf000000, 0x00000000e7500000)
  object space 149504K, 34% used [0x00000000b5e00000,0x00000000b8fbf818,0x00000000bf000000)
 Metaspace       used 37165K, capacity 38450K, committed 38784K, reserved 1083392K
  class space    used 5157K, capacity 5381K, committed 5504K, reserved 1048576K
}

